# JRE version: OpenJDK Runtime Environment Temurin-21.0.9+10 (21.0.9+10) (build 21.0.9+10-LTS)
# Java VM: OpenJDK 64-Bit Server VM Temurin-21.0.9+10 (21.0.9+10-LTS, mixed mode, emulated-client, sharing, tiered, compressed oops, compressed class ptrs, g1 gc, windows-amd64)
GC Precious Log:
 CardTable entry size: 512
 Card Set container configuration: InlinePtr #cards 4 size 8 Array Of Cards #cards 16 size 48 Howl #buckets 8 coarsen threshold 3686 Howl Bitmap #cards 512 size 80 coarsen threshold 460 Card regions per heap region 1 cards per card region 4096
 CPUs: 8 total, 8 available
 Memory: 16163M
 Large Page Support: Disabled
 NUMA Support: Disabled
 Compressed Oops: Enabled (Zero based)
 Heap Region Size: 2M
 Heap Min Capacity: 8M
 Heap Initial Capacity: 254M
 Heap Max Capacity: 4042M
 Pre-touch: Disabled
 Parallel Workers: 8
 Concurrent Workers: 2
 Concurrent Refinement Workers: 8
 Periodic GC: Disabled
Heap:
 garbage-first heap   total 61440K, used 36307K [0x0000000703600000, 0x0000000800000000)
  region size 2048K, 11 young (22528K), 0 survivors (0K)
 Metaspace       used 39450K, committed 40320K, reserved 1114112K
  class space    used 5364K, committed 5696K, reserved 1048576K
GC Heap History (20 events):
Event: 0.395 GC heap before
{Heap before GC invocations=0 (full 0):
 garbage-first heap   total 260096K, used 20480K [0x0000000703600000, 0x0000000800000000)
  region size 2048K, 11 young (22528K), 0 survivors (0K)
 Metaspace       used 6255K, committed 6528K, reserved 1114112K
  class space    used 703K, committed 832K, reserved 1048576K
}
Event: 0.398 GC heap after
{Heap after GC invocations=1 (full 0):
 garbage-first heap   total 260096K, used 5616K [0x0000000703600000, 0x0000000800000000)
  region size 2048K, 2 young (4096K), 2 survivors (4096K)
 Metaspace       used 6255K, committed 6528K, reserved 1114112K
  class space    used 703K, committed 832K, reserved 1048576K
}
Event: 0.595 GC heap before
{Heap before GC invocations=1 (full 0):
 garbage-first heap   total 260096K, used 32240K [0x0000000703600000, 0x0000000800000000)
  region size 2048K, 16 young (32768K), 2 survivors (4096K)
 Metaspace       used 10428K, committed 10688K, reserved 1114112K
  class space    used 1242K, committed 1344K, reserved 1048576K
}
Event: 0.598 GC heap after
{Heap after GC invocations=2 (full 0):
 garbage-first heap   total 260096K, used 6891K [0x0000000703600000, 0x0000000800000000)
  region size 2048K, 1 young (2048K), 1 survivors (2048K)
 Metaspace       used 10428K, committed 10688K, reserved 1114112K
  class space    used 1242K, committed 1344K, reserved 1048576K
}
Event: 1.069 GC heap before
{Heap before GC invocations=2 (full 0):
 garbage-first heap   total 260096K, used 117483K [0x0000000703600000, 0x0000000800000000)
  region size 2048K, 56 young (114688K), 1 survivors (2048K)
 Metaspace       used 21138K, committed 21504K, reserved 1114112K
  class space    used 2866K, committed 3008K, reserved 1048576K
}
Event: 1.073 GC heap after
{Heap after GC invocations=3 (full 0):
 garbage-first heap   total 260096K, used 9859K [0x0000000703600000, 0x0000000800000000)
  region size 2048K, 3 young (6144K), 3 survivors (6144K)
 Metaspace       used 21138K, committed 21504K, reserved 1114112K
  class space    used 2866K, committed 3008K, reserved 1048576K
}
Event: 1.144 GC heap before
{Heap before GC invocations=4 (full 0):
 garbage-first heap   total 40960K, used 38531K [0x0000000703600000, 0x0000000800000000)
  region size 2048K, 17 young (34816K), 3 survivors (6144K)
 Metaspace       used 23306K, committed 23808K, reserved 1114112K
  class space    used 3143K, committed 3392K, reserved 1048576K
}
Event: 1.147 GC heap after
{Heap after GC invocations=5 (full 0):
 garbage-first heap   total 47104K, used 11041K [0x0000000703600000, 0x0000000800000000)
  region size 2048K, 3 young (6144K), 3 survivors (6144K)
 Metaspace       used 23306K, committed 23808K, reserved 1114112K
  class space    used 3143K, committed 3392K, reserved 1048576K
}
Event: 1.194 GC heap before
{Heap before GC invocations=5 (full 0):
 garbage-first heap   total 47104K, used 31521K [0x0000000703600000, 0x0000000800000000)
  region size 2048K, 13 young (26624K), 3 survivors (6144K)
 Metaspace       used 24581K, committed 25152K, reserved 1114112K
  class space    used 3326K, committed 3584K, reserved 1048576K
}
Event: 1.197 GC heap after
{Heap after GC invocations=6 (full 0):
 garbage-first heap   total 47104K, used 11575K [0x0000000703600000, 0x0000000800000000)
  region size 2048K, 1 young (2048K), 1 survivors (2048K)
 Metaspace       used 24581K, committed 25152K, reserved 1114112K
  class space    used 3326K, committed 3584K, reserved 1048576K
}
Event: 1.302 GC heap before
{Heap before GC invocations=6 (full 0):
 garbage-first heap   total 47104K, used 36151K [0x0000000703600000, 0x0000000800000000)
  region size 2048K, 13 young (26624K), 1 survivors (2048K)
 Metaspace       used 26269K, committed 26752K, reserved 1114112K
  class space    used 3553K, committed 3776K, reserved 1048576K
}
Event: 1.304 GC heap after
{Heap after GC invocations=7 (full 0):
 garbage-first heap   total 153600K, used 12527K [0x0000000703600000, 0x0000000800000000)
  region size 2048K, 2 young (4096K), 2 survivors (4096K)
 Metaspace       used 26269K, committed 26752K, reserved 1114112K
  class space    used 3553K, committed 3776K, reserved 1048576K
}
Event: 1.869 GC heap before
{Heap before GC invocations=7 (full 0):
 garbage-first heap   total 153600K, used 98543K [0x0000000703600000, 0x0000000800000000)
  region size 2048K, 45 young (92160K), 2 survivors (4096K)
 Metaspace       used 33764K, committed 34304K, reserved 1114112K
  class space    used 4605K, committed 4864K, reserved 1048576K
}
Event: 1.873 GC heap after
{Heap after GC invocations=8 (full 0):
 garbage-first heap   total 153600K, used 16828K [0x0000000703600000, 0x0000000800000000)
  region size 2048K, 4 young (8192K), 4 survivors (8192K)
 Metaspace       used 33764K, committed 34304K, reserved 1114112K
  class space    used 4605K, committed 4864K, reserved 1048576K
}
Event: 55.528 GC heap before
{Heap before GC invocations=8 (full 0):
 garbage-first heap   total 153600K, used 41404K [0x0000000703600000, 0x0000000800000000)
  region size 2048K, 17 young (34816K), 4 survivors (8192K)
 Metaspace       used 35678K, committed 36288K, reserved 1114112K
  class space    used 4884K, committed 5184K, reserved 1048576K
}
Event: 55.533 GC heap after
{Heap after GC invocations=9 (full 0):
 garbage-first heap   total 153600K, used 18001K [0x0000000703600000, 0x0000000800000000)
  region size 2048K, 4 young (8192K), 4 survivors (8192K)
 Metaspace       used 35678K, committed 36288K, reserved 1114112K
  class space    used 4884K, committed 5184K, reserved 1048576K
}
Event: 55.941 GC heap before
{Heap before GC invocations=10 (full 0):
 garbage-first heap   total 69632K, used 50769K [0x0000000703600000, 0x0000000800000000)
  region size 2048K, 20 young (40960K), 4 survivors (8192K)
 Metaspace       used 38712K, committed 39424K, reserved 1114112K
  class space    used 5302K, committed 5632K, reserved 1048576K
}
Event: 55.948 GC heap after
{Heap after GC invocations=11 (full 0):
 garbage-first heap   total 69632K, used 19450K [0x0000000703600000, 0x0000000800000000)
  region size 2048K, 2 young (4096K), 2 survivors (4096K)
 Metaspace       used 38712K, committed 39424K, reserved 1114112K
  class space    used 5302K, committed 5632K, reserved 1048576K
}
Event: 215.926 GC heap before
{Heap before GC invocations=11 (full 0):
 garbage-first heap   total 69632K, used 31738K [0x0000000703600000, 0x0000000800000000)
  region size 2048K, 10 young (20480K), 2 survivors (4096K)
 Metaspace       used 39674K, committed 40320K, reserved 1114112K
  class space    used 5422K, committed 5696K, reserved 1048576K
}
Event: 215.950 GC heap after
{Heap after GC invocations=12 (full 1):
 garbage-first heap   total 61440K, used 15827K [0x0000000703600000, 0x0000000800000000)
  region size 2048K, 0 young (0K), 0 survivors (0K)
 Metaspace       used 39348K, committed 40320K, reserved 1114112K
  class space    used 5337K, committed 5696K, reserved 1048576K
}

